Arguments: 
  C:\Program Files\nodejs\node.exe C:\Program Files (x86)\Yarn\bin\yarn.js add react-web3-modal

PATH: 
  C:\Python27\;C:\Python27\Scripts;C:\Windows\system32;C:\Windows;C:\Windows\System32\Wbem;C:\Windows\System32\WindowsPowerShell\v1.0\;C:\Windows\System32\OpenSSH\;C:\Program Files (x86)\Yarn\bin\;C:\Users\Administrator\AppData\Roaming\nvm;C:\Program Files\nodejs;C:\Program Files\Microsoft SQL Server\130\Tools\Binn\;D:\xampp\php;C:\composer;C:\Program Files\dotnet\;C:\Program Files\EmEditor;C:\Program Files (x86)\PuTTY\;C:\Program Files\Git\cmd;C:\Program Files (x86)\NVIDIA Corporation\PhysX\Common;C:\Users\Administrator\.cargo\bin;C:\Users\Administrator\AppData\Local\Microsoft\WindowsApps;C:\Users\Administrator\AppData\Local\Yarn\bin;C:\Users\Administrator\AppData\Roaming\npm;C:\Program Files (x86)\GitHub CLI\;C:\Users\Administrator\AppData\Local\Programs\Microsoft VS Code\bin;C:\Users\Administrator\AppData\Roaming\nvm;C:\Program Files\nodejs;C:\Users\Administrator\AppData\Local\GitHubDesktop\bin;C:\Users\Administrator\AppData\Roaming\Composer\vendor\bin;C:\Users\Administrator\.dotnet\tools

Yarn version: 
  1.22.5

Node version: 
  12.18.0

Platform: 
  win32 x64

Trace: 
  Error: getaddrinfo ENOTFOUND registry.yarnpkg.com
      at GetAddrInfoReqWrap.onlookup [as oncomplete] (dns.js:66:26)

npm manifest: 
  {
    "name": "unicornboys",
    "version": "0.1.0",
    "private": true,
    "dependencies": {
      "@chainlink/contracts": "^0.3.1",
      "@coinbase/wallet-sdk": "^3.0.1",
      "@craco/craco": "^6.4.3",
      "@ethersproject/units": "^5.5.0",
      "@nomiclabs/hardhat-waffle": "^2.0.2",
      "@openzeppelin/contracts": "^4.5.0",
      "@testing-library/jest-dom": "^5.16.2",
      "@testing-library/react": "^12.1.3",
      "@testing-library/user-event": "^13.5.0",
      "@typechain/hardhat": "^3.1.0",
      "@types/jest": "^27.4.1",
      "@types/node": "^16.11.26",
      "@types/react": "^17.0.39",
      "@types/react-dom": "^17.0.11",
      "@usedapp/core": "^0.7.3",
      "@walletconnect/qrcode-modal": "^1.7.3",
      "@walletconnect/web3-provider": "^1.7.3",
      "@web3-react/core": "^6.1.9",
      "@web3-react/injected-connector": "^6.0.7",
      "@web3-react/walletconnect": "^8.0.1-beta.0",
      "@web3-react/walletconnect-connector": "^6.2.13",
      "@web3-react/walletlink-connector": "^6.2.13",
      "assert": "^2.0.0",
      "axios": "^0.26.0",
      "browserify-zlib": "^0.2.0",
      "buffer": "^6.0.3",
      "chai": "^4.3.6",
      "dotenv": "^10.0.0",
      "eslint-config-standard": "^16.0.3",
      "eslint-config-standard-jsx": "^10.0.0",
      "eslint-plugin-import": "^2.25.4",
      "eslint-plugin-node": "^11.1.0",
      "eslint-plugin-promise": "^6.0.0",
      "eslint-plugin-react": "^7.29.1",
      "eslint-plugin-standard": "^5.0.0",
      "ethereum-waffle": "^3.4.0",
      "ethers": "^5.5.4",
      "framer-motion": "^5.6.0",
      "hardhat-gas-reporter": "^1.0.8",
      "keccak256": "^1.0.6",
      "luxon": "^2.3.1",
      "merkletreejs": "^0.2.30",
      "mocha": "^9.2.1",
      "react": "^17.0.2",
      "react-dom": "^17.0.2",
      "react-router": "^6.2.1",
      "react-router-dom": "^6.2.1",
      "react-scripts": "^5.0.0",
      "react-scroll": "^1.8.5",
      "sass": "^1.49.9",
      "stream-browserify": "^3.0.0",
      "typescript": "^4.5.5",
      "util": "^0.12.4",
      "walletconnect": "^1.7.1",
      "web-vitals": "^2.1.4",
      "web3": "^1.7.1"
    },
    "scripts": {
      "start": "craco start",
      "build": "craco build",
      "test": "craco test",
      "eject": "craco eject"
    },
    "eslintConfig": {
      "extends": [
        "react-app",
        "react-app/jest"
      ]
    },
    "browserslist": {
      "production": [
        ">0.2%",
        "not dead",
        "not op_mini all"
      ],
      "development": [
        "last 1 chrome version",
        "last 1 firefox version",
        "last 1 safari version"
      ]
    },
    "devDependencies": {
      "@metamask/jazzicon": "^2.0.0",
      "@nomiclabs/hardhat-ethers": "^2.0.5",
      "@nomiclabs/hardhat-etherscan": "^2.1.8",
      "@typechain/ethers-v5": "^9.0.0",
      "@types/luxon": "^2.0.9",
      "@types/mocha": "^9.1.0",
      "@types/react-scroll": "^1.8.3",
      "erc721a": "^3.0.0",
      "eslint-plugin-prettier": "^4.0.0",
      "hardhat": "^2.8.4",
      "hardhat-typechain": "^0.3.5",
      "react-web3-modal": "^0.1.5",
      "solidity-coverage": "^0.7.20",
      "ts-node": "^10.5.0",
      "typechain": "^7.0.0"
    }
  }

yarn manifest: 
  No manifest

Lockfile: 
  No lockfile
